<?xml version="1.0" encoding="UTF-8"?>
<!-- Generated by org.testng.reporters.JUnitReportReporter -->
<testsuite hostname="LAPTOP-BIFLVTUC" failures="0" tests="1" name="reg" time="52.401" errors="0" timestamp="2022-10-03T18:46:55 IST" skipped="0">
  <testcase classname="reg" name="f" time="52.401"/>
  <system-out/>
</testsuite> <!-- reg -->
