<?xml version="1.0" encoding="UTF-8"?>
<!-- Generated by org.testng.reporters.JUnitReportReporter -->
<testsuite hostname="LAPTOP-BIFLVTUC" failures="0" tests="1" name="log" time="52.681" errors="0" timestamp="2022-10-03T18:51:54 IST" skipped="0">
  <testcase classname="log" name="f" time="52.681"/>
  <system-out/>
</testsuite> <!-- log -->
